\BOOKMARK [1][-]{section.1}{Introduction}{}% 1
\BOOKMARK [1][-]{section.2}{Hyperbolic Geometry}{}% 2
\BOOKMARK [2][-]{subsection.2.1}{Models of Hyperbolic Geometry}{section.2}% 3
\BOOKMARK [2][-]{subsection.2.2}{The Hyperboloid Model of Hyperbolic Space}{section.2}% 4
\BOOKMARK [2][-]{subsection.2.3}{Related Work}{section.2}% 5
\BOOKMARK [1][-]{section.3}{Method}{}% 6
\BOOKMARK [2][-]{subsection.3.1}{Problem Definition}{section.3}% 7
\BOOKMARK [2][-]{subsection.3.2}{Random Walks for Learning Global Structure from Local Information and Attributes}{section.3}% 8
\BOOKMARK [2][-]{subsection.3.3}{Building Training Samples from Walks}{section.3}% 9
\BOOKMARK [2][-]{subsection.3.4}{Negative Sampling}{section.3}% 10
\BOOKMARK [2][-]{subsection.3.5}{Optimization on Hyperboloid}{section.3}% 11
\BOOKMARK [1][-]{section.4}{Experimental Setup}{}% 12
\BOOKMARK [2][-]{subsection.4.1}{Datasets}{section.4}% 13
\BOOKMARK [2][-]{subsection.4.2}{Parameter Settings}{section.4}% 14
\BOOKMARK [3][-]{section*.3}{Setting }{subsection.4.2}% 15
\BOOKMARK [2][-]{subsection.4.3}{Network Reconstruction}{section.4}% 16
\BOOKMARK [2][-]{subsection.4.4}{Link Prediction}{section.4}% 17
\BOOKMARK [2][-]{subsection.4.5}{Node Classification}{section.4}% 18
\BOOKMARK [2][-]{subsection.4.6}{Greedy Routing of Packages}{section.4}% 19
\BOOKMARK [1][-]{section.5}{Results}{}% 20
\BOOKMARK [2][-]{subsection.5.1}{Network Reconstruction}{section.5}% 21
\BOOKMARK [2][-]{subsection.5.2}{Link Prediction}{section.5}% 22
\BOOKMARK [2][-]{subsection.5.3}{Node Classification}{section.5}% 23
\BOOKMARK [2][-]{subsection.5.4}{Greedy Routing}{section.5}% 24
\BOOKMARK [1][-]{section.6}{Conclusion}{}% 25
